> Task :compileJava
> Task :processResources
> Task :classes
> Task :jar
> Task :assemble
> Task :compileTestJava
> Task :processTestResources




annotationProcessor - Annotation processors and their dependencies for source set 'main'.
+--- org.springframework:spring-context-indexer:5.3.2
\--- com.google.auto.service:auto-service:1.0.1
     +--- com.google.auto.service:auto-service-annotations:1.0.1
     +--- com.google.auto:auto-common:1.2
     |    \--- com.google.guava:guava:31.0.1-jre -> 32.1.2-jre
     |         +--- com.google.guava:guava-parent:32.1.2-jre
     |         |    +--- com.google.code.findbugs:jsr305:3.0.2 (c)
     |         |    +--- org.checkerframework:checker-qual:3.33.0 (c)
     |         |    \--- com.google.errorprone:error_prone_annotations:2.18.0 (c)
     |         +--- com.google.guava:failureaccess:1.0.1
     |         +--- com.google.guava:listenablefuture:9999.0-empty-to-avoid-conflict-with-guava
     |         +--- com.google.code.findbugs:jsr305 -> 3.0.2
     |         +--- org.checkerframework:checker-qual -> 3.33.0
     |         \--- com.google.errorprone:error_prone_annotations -> 2.18.0
     \--- com.google.guava:guava:31.0.1-jre -> 32.1.2-jre (*)

